This file contains any messages produced by compilers while
running configure, to aid debugging if configure makes a mistake.

It was created by LAL configure 6.18.0, which was
generated by GNU Autoconf 2.69.  Invocation command line was

  $ ./configure --prefix /Users/scottcoughlin/Documents/GitHub/GravitySpy/opt/

## --------- ##
## Platform. ##
## --------- ##

hostname = Scotts-MacBook-Air.local
uname -m = x86_64
uname -r = 16.0.0
uname -s = Darwin
uname -v = Darwin Kernel Version 16.0.0: Mon Aug 29 17:56:20 PDT 2016; root:xnu-3789.1.32~3/RELEASE_X86_64

/usr/bin/uname -p = i386
/bin/uname -X     = unknown

/bin/arch              = unknown
/usr/bin/arch -k       = unknown
/usr/convex/getsysinfo = unknown
/usr/bin/hostinfo      = Mach kernel version:
	 Darwin Kernel Version 16.0.0: Mon Aug 29 17:56:20 PDT 2016; root:xnu-3789.1.32~3/RELEASE_X86_64
Kernel configured for up to 4 processors.
2 processors are physically available.
4 processors are logically available.
Processor type: x86_64h (Intel x86-64h Haswell)
Processors active: 0 1 2 3
Primary memory available: 8.00 gigabytes
Default processor set: 283 tasks, 1172 threads, 4 processors
Load average: 1.73, Mach factor: 2.26
/bin/machine           = unknown
/usr/bin/oslevel       = unknown
/bin/universe          = unknown

PATH: /Users/scottcoughlin/anaconda/bin/
PATH: /opt/ldg/bin
PATH: /opt/ldg/sbin
PATH: /usr/local/bin
PATH: /usr/bin
PATH: /bin
PATH: /usr/sbin
PATH: /sbin
PATH: /Library/TeX/texbin


## ----------- ##
## Core tests. ##
## ----------- ##

configure:3067: checking for a BSD-compatible install
configure:3135: result: /usr/bin/install -c
configure:3146: checking whether build environment is sane
configure:3201: result: yes
configure:3352: checking for a thread-safe mkdir -p
configure:3391: result: gnuscripts/install-sh -c -d
configure:3398: checking for gawk
configure:3428: result: no
configure:3398: checking for mawk
configure:3428: result: no
configure:3398: checking for nawk
configure:3428: result: no
configure:3398: checking for awk
configure:3414: found /usr/bin/awk
configure:3425: result: awk
configure:3436: checking whether make sets $(MAKE)
configure:3458: result: yes
configure:3487: checking whether make supports nested variables
configure:3504: result: yes
configure:3593: checking whether UID '501' is supported by ustar format
configure:3596: result: yes
configure:3603: checking whether GID '20' is supported by ustar format
configure:3606: result: yes
configure:3614: checking how to create a ustar tar archive
configure:3625: tar --version
bsdtar 2.8.3 - libarchive 2.8.3
configure:3628: $? = 0
configure:3668: tardir=conftest.dir && eval tar --format=ustar -chf - "$tardir" >conftest.tar
configure:3671: $? = 0
configure:3675: tar -xf - <conftest.tar
configure:3678: $? = 0
configure:3680: cat conftest.dir/file
GrepMe
configure:3683: $? = 0
configure:3696: result: gnutar
configure:3755: checking build system type
configure:3769: result: x86_64-apple-darwin16.0.0
configure:3789: checking host system type
configure:3802: result: x86_64-apple-darwin16.0.0
configure:3829: checking for git
configure:3847: found /usr/bin/git
configure:3859: result: /usr/bin/git
configure:3875: checking whether building from a git repository
configure:3885: result: no
configure:4269: module CUDA is DISABLED
configure:4324: module BOINC is DISABLED
configure:4407: checking for style of include used by make
configure:4435: result: GNU
configure:4506: checking for gcc
configure:4522: found /usr/bin/gcc
configure:4533: result: gcc
configure:4762: checking for C compiler version
configure:4771: gcc --version >&5
Apple LLVM version 8.0.0 (clang-800.0.42.1)
Target: x86_64-apple-darwin16.0.0
Thread model: posix
InstalledDir: /Library/Developer/CommandLineTools/usr/bin
Configured with: --prefix=/Library/Developer/CommandLineTools/usr --with-gxx-include-dir=/usr/include/c++/4.2.1
configure:4782: $? = 0
configure:4771: gcc -v >&5
Configured with: --prefix=/Library/Developer/CommandLineTools/usr --with-gxx-include-dir=/usr/include/c++/4.2.1
Apple LLVM version 8.0.0 (clang-800.0.42.1)
Target: x86_64-apple-darwin16.0.0
Thread model: posix
InstalledDir: /Library/Developer/CommandLineTools/usr/bin
configure:4782: $? = 0
configure:4771: gcc -V >&5
clang: error: argument to '-V' is missing (expected 1 value)
clang: error: no input files
configure:4782: $? = 1
configure:4771: gcc -qversion >&5
clang: error: unknown argument: '-qversion'
clang: error: no input files
configure:4782: $? = 1
configure:4802: checking whether the C compiler works
configure:4824: gcc    conftest.c  >&5
configure:4828: $? = 0
configure:4876: result: yes
configure:4879: checking for C compiler default output file name
configure:4881: result: a.out
configure:4887: checking for suffix of executables
configure:4894: gcc -o conftest    conftest.c  >&5
configure:4898: $? = 0
configure:4920: result: 
configure:4942: checking whether we are cross compiling
configure:4950: gcc -o conftest    conftest.c  >&5
configure:4954: $? = 0
configure:4961: ./conftest
configure:4965: $? = 0
configure:4980: result: no
configure:4985: checking for suffix of object files
configure:5007: gcc -c   conftest.c >&5
configure:5011: $? = 0
configure:5032: result: o
configure:5036: checking whether we are using the GNU C compiler
configure:5055: gcc -c   conftest.c >&5
configure:5055: $? = 0
configure:5064: result: yes
configure:5073: checking whether gcc accepts -g
configure:5093: gcc -c -g  conftest.c >&5
configure:5093: $? = 0
configure:5134: result: yes
configure:5151: checking for gcc option to accept ISO C89
configure:5214: gcc  -c -g -O2  conftest.c >&5
configure:5214: $? = 0
configure:5227: result: none needed
configure:5252: checking whether gcc understands -c and -o together
configure:5274: gcc -c conftest.c -o conftest2.o
configure:5277: $? = 0
configure:5274: gcc -c conftest.c -o conftest2.o
configure:5277: $? = 0
configure:5289: result: yes
configure:5308: checking dependency style of gcc
configure:5419: result: gcc3
configure:5567: checking if compiler needs -Werror to reject unknown flags
configure:5583: gcc -c -g -O2 -Werror -Wunknown-warning-option -Wsizeof-array-argument  conftest.c >&5
configure:5583: $? = 0
configure:5584: result: yes
configure:5604: checking whether pthreads work with -pthread
configure:5692: gcc -o conftest -g -O2 -pthread -Werror   conftest.c   >&5
configure:5692: $? = 0
configure:5701: result: yes
configure:5720: checking for joinable pthread attribute
configure:5735: gcc -o conftest -g -O2 -pthread   conftest.c   >&5
configure:5735: $? = 0
configure:5741: result: PTHREAD_CREATE_JOINABLE
configure:5751: checking if more special flags are required for pthreads
configure:5766: result: -D_THREAD_SAFE
configure:5772: checking for PTHREAD_PRIO_INHERIT
configure:5789: gcc -o conftest -g -O2 -pthread   conftest.c   >&5
configure:5789: $? = 0
configure:5798: result: yes
configure:5935: appended  -D_THREAD_SAFE to AM_CPPFLAGS
configure:5947: appended  -pthread to AM_CFLAGS
configure:6410: checking whether make supports nested variables
configure:6427: result: yes
configure:6440: checking for gcc option to accept ISO C99
configure:6589: gcc  -c   -pthread    -D_THREAD_SAFE   conftest.c >&5
configure:6589: $? = 0
configure:6602: result: none needed
configure:6622: checking how to run the C preprocessor
configure:6653: gcc -E   -D_THREAD_SAFE   conftest.c
configure:6653: $? = 0
configure:6667: gcc -E   -D_THREAD_SAFE   conftest.c
conftest.c:19:10: fatal error: 'ac_nonexistent.h' file not found
#include <ac_nonexistent.h>
         ^
1 error generated.
configure:6667: $? = 1
configure: failed program was:
| /* confdefs.h */
| #define PACKAGE_NAME "LAL"
| #define PACKAGE_TARNAME "lal"
| #define PACKAGE_VERSION "6.18.0"
| #define PACKAGE_STRING "LAL 6.18.0"
| #define PACKAGE_BUGREPORT "lal-discuss@ligo.org"
| #define PACKAGE_URL ""
| #define PACKAGE "lal"
| #define VERSION "6.18.0"
| #define LAL_DEFAULT_DEBUG_LEVEL 1
| #define HAVE_PTHREAD_PRIO_INHERIT 1
| #define LAL_PTHREAD_LOCK 1
| #define LAL_VERSION "6.18.0"
| #define LAL_VERSION_MAJOR 6
| #define LAL_VERSION_MINOR 18
| #define LAL_VERSION_MICRO 0
| #define LAL_VERSION_DEVEL 0
| /* end confdefs.h.  */
| #include <ac_nonexistent.h>
configure:6692: result: gcc -E
configure:6712: gcc -E   -D_THREAD_SAFE   conftest.c
configure:6712: $? = 0
configure:6726: gcc -E   -D_THREAD_SAFE   conftest.c
conftest.c:19:10: fatal error: 'ac_nonexistent.h' file not found
#include <ac_nonexistent.h>
         ^
1 error generated.
configure:6726: $? = 1
configure: failed program was:
| /* confdefs.h */
| #define PACKAGE_NAME "LAL"
| #define PACKAGE_TARNAME "lal"
| #define PACKAGE_VERSION "6.18.0"
| #define PACKAGE_STRING "LAL 6.18.0"
| #define PACKAGE_BUGREPORT "lal-discuss@ligo.org"
| #define PACKAGE_URL ""
| #define PACKAGE "lal"
| #define VERSION "6.18.0"
| #define LAL_DEFAULT_DEBUG_LEVEL 1
| #define HAVE_PTHREAD_PRIO_INHERIT 1
| #define LAL_PTHREAD_LOCK 1
| #define LAL_VERSION "6.18.0"
| #define LAL_VERSION_MAJOR 6
| #define LAL_VERSION_MINOR 18
| #define LAL_VERSION_MICRO 0
| #define LAL_VERSION_DEVEL 0
| /* end confdefs.h.  */
| #include <ac_nonexistent.h>
configure:7622: appended  -D_ISOC99_SOURCE to AM_CPPFLAGS
configure:7634: appended  -O2 -g to AM_CFLAGS
configure:7795: checking for grep that handles long lines and -e
configure:7853: result: /usr/bin/grep
configure:7858: checking for egrep
configure:7920: result: /usr/bin/grep -E
configure:7925: checking for ANSI C header files
configure:7945: gcc -c   -pthread  -O2 -g    -D_THREAD_SAFE  -D_ISOC99_SOURCE   conftest.c >&5
configure:7945: $? = 0
configure:8018: gcc -o conftest   -pthread  -O2 -g    -D_THREAD_SAFE  -D_ISOC99_SOURCE      conftest.c  >&5
configure:8018: $? = 0
configure:8018: ./conftest
configure:8018: $? = 0
configure:8029: result: yes
configure:8042: checking for sys/types.h
configure:8042: gcc -c   -pthread  -O2 -g    -D_THREAD_SAFE  -D_ISOC99_SOURCE   conftest.c >&5
configure:8042: $? = 0
configure:8042: result: yes
configure:8042: checking for sys/stat.h
configure:8042: gcc -c   -pthread  -O2 -g    -D_THREAD_SAFE  -D_ISOC99_SOURCE   conftest.c >&5
configure:8042: $? = 0
configure:8042: result: yes
configure:8042: checking for stdlib.h
configure:8042: gcc -c   -pthread  -O2 -g    -D_THREAD_SAFE  -D_ISOC99_SOURCE   conftest.c >&5
configure:8042: $? = 0
configure:8042: result: yes
configure:8042: checking for string.h
configure:8042: gcc -c   -pthread  -O2 -g    -D_THREAD_SAFE  -D_ISOC99_SOURCE   conftest.c >&5
configure:8042: $? = 0
configure:8042: result: yes
configure:8042: checking for memory.h
configure:8042: gcc -c   -pthread  -O2 -g    -D_THREAD_SAFE  -D_ISOC99_SOURCE   conftest.c >&5
configure:8042: $? = 0
configure:8042: result: yes
configure:8042: checking for strings.h
configure:8042: gcc -c   -pthread  -O2 -g    -D_THREAD_SAFE  -D_ISOC99_SOURCE   conftest.c >&5
configure:8042: $? = 0
configure:8042: result: yes
configure:8042: checking for inttypes.h
configure:8042: gcc -c   -pthread  -O2 -g    -D_THREAD_SAFE  -D_ISOC99_SOURCE   conftest.c >&5
configure:8042: $? = 0
configure:8042: result: yes
configure:8042: checking for stdint.h
configure:8042: gcc -c   -pthread  -O2 -g    -D_THREAD_SAFE  -D_ISOC99_SOURCE   conftest.c >&5
configure:8042: $? = 0
configure:8042: result: yes
configure:8042: checking for unistd.h
configure:8042: gcc -c   -pthread  -O2 -g    -D_THREAD_SAFE  -D_ISOC99_SOURCE   conftest.c >&5
configure:8042: $? = 0
configure:8042: result: yes
configure:8065: pushed CPPFLAGS=  -D_THREAD_SAFE  -D_ISOC99_SOURCE  
configure:8068: pushed CFLAGS=  -pthread  -O2 -g 
configure:8071: pushed CXXFLAGS= 
configure:8074: pushed FCFLAGS=
configure:8077: pushed FFLAGS= 
configure:8080: pushed LDFLAGS=  
configure:8083: pushed LIBS=
configure:8130: pushed CPPFLAGS=
configure:8133: pushed CFLAGS=
configure:8136: pushed CXXFLAGS=
configure:8139: pushed FCFLAGS=
configure:8142: pushed FFLAGS=
configure:8145: pushed LDFLAGS=
configure:8148: pushed LIBS=
configure:8177: checking whether C compiler accepts -msse
configure:8188: gcc -c  -msse  conftest.c >&5
configure:8188: $? = 0
configure:8201: result: yes
configure:8220: popped CPPFLAGS from line 8130
configure:8223: popped CFLAGS from line 8133
configure:8226: popped CXXFLAGS from line 8136
configure:8229: popped FCFLAGS from line 8139
configure:8232: popped FFLAGS from line 8142
configure:8235: popped LDFLAGS from line 8145
configure:8238: popped LIBS from line 8148
configure:8249: checking whether C compiler defines __SSE__ with -msse
configure:8269: gcc -c  -msse  conftest.c >&5
configure:8269: $? = 0
configure:8271: result: yes
configure:8287: checking whether C compiler compiles floating-point math with -msse
configure:8311: gcc -c  -msse  conftest.c >&5
configure:8311: $? = 0
configure:8313: result: yes
configure:8371: pushed CPPFLAGS=
configure:8374: pushed CFLAGS= -msse
configure:8377: pushed CXXFLAGS=
configure:8380: pushed FCFLAGS=
configure:8383: pushed FFLAGS=
configure:8386: pushed LDFLAGS=
configure:8389: pushed LIBS=
configure:8418: checking whether C compiler accepts -msse2
configure:8429: gcc -c  -msse2  conftest.c >&5
configure:8429: $? = 0
configure:8442: result: yes
configure:8461: popped CPPFLAGS from line 8371
configure:8464: popped CFLAGS from line 8374
configure:8467: popped CXXFLAGS from line 8377
configure:8470: popped FCFLAGS from line 8380
configure:8473: popped FFLAGS from line 8383
configure:8476: popped LDFLAGS from line 8386
configure:8479: popped LIBS from line 8389
configure:8490: checking whether C compiler defines __SSE2__ with -msse2
configure:8510: gcc -c  -msse2  conftest.c >&5
configure:8510: $? = 0
configure:8512: result: yes
configure:8528: checking whether C compiler compiles floating-point math with -msse2
configure:8552: gcc -c  -msse2  conftest.c >&5
configure:8552: $? = 0
configure:8554: result: yes
configure:8612: pushed CPPFLAGS=
configure:8615: pushed CFLAGS= -msse2
configure:8618: pushed CXXFLAGS=
configure:8621: pushed FCFLAGS=
configure:8624: pushed FFLAGS=
configure:8627: pushed LDFLAGS=
configure:8630: pushed LIBS=
configure:8659: checking whether C compiler accepts -msse3
configure:8670: gcc -c  -msse3  conftest.c >&5
configure:8670: $? = 0
configure:8683: result: yes
configure:8702: popped CPPFLAGS from line 8612
configure:8705: popped CFLAGS from line 8615
configure:8708: popped CXXFLAGS from line 8618
configure:8711: popped FCFLAGS from line 8621
configure:8714: popped FFLAGS from line 8624
configure:8717: popped LDFLAGS from line 8627
configure:8720: popped LIBS from line 8630
configure:8731: checking whether C compiler defines __SSE3__ with -msse3
configure:8751: gcc -c  -msse3  conftest.c >&5
configure:8751: $? = 0
configure:8753: result: yes
configure:8769: checking whether C compiler compiles floating-point math with -msse3
configure:8793: gcc -c  -msse3  conftest.c >&5
configure:8793: $? = 0
configure:8795: result: yes
configure:8853: pushed CPPFLAGS=
configure:8856: pushed CFLAGS= -msse3
configure:8859: pushed CXXFLAGS=
configure:8862: pushed FCFLAGS=
configure:8865: pushed FFLAGS=
configure:8868: pushed LDFLAGS=
configure:8871: pushed LIBS=
configure:8900: checking whether C compiler accepts -mssse3
configure:8911: gcc -c  -mssse3  conftest.c >&5
configure:8911: $? = 0
configure:8924: result: yes
configure:8943: popped CPPFLAGS from line 8853
configure:8946: popped CFLAGS from line 8856
configure:8949: popped CXXFLAGS from line 8859
configure:8952: popped FCFLAGS from line 8862
configure:8955: popped FFLAGS from line 8865
configure:8958: popped LDFLAGS from line 8868
configure:8961: popped LIBS from line 8871
configure:8972: checking whether C compiler defines __SSSE3__ with -mssse3
configure:8992: gcc -c  -mssse3  conftest.c >&5
configure:8992: $? = 0
configure:8994: result: yes
configure:9010: checking whether C compiler compiles floating-point math with -mssse3
configure:9034: gcc -c  -mssse3  conftest.c >&5
configure:9034: $? = 0
configure:9036: result: yes
configure:9094: pushed CPPFLAGS=
configure:9097: pushed CFLAGS= -mssse3
configure:9100: pushed CXXFLAGS=
configure:9103: pushed FCFLAGS=
configure:9106: pushed FFLAGS=
configure:9109: pushed LDFLAGS=
configure:9112: pushed LIBS=
configure:9141: checking whether C compiler accepts -msse4.1
configure:9152: gcc -c  -msse4.1  conftest.c >&5
configure:9152: $? = 0
configure:9165: result: yes
configure:9184: popped CPPFLAGS from line 9094
configure:9187: popped CFLAGS from line 9097
configure:9190: popped CXXFLAGS from line 9100
configure:9193: popped FCFLAGS from line 9103
configure:9196: popped FFLAGS from line 9106
configure:9199: popped LDFLAGS from line 9109
configure:9202: popped LIBS from line 9112
configure:9213: checking whether C compiler defines __SSE4_1__ with -msse4.1
configure:9233: gcc -c  -msse4.1  conftest.c >&5
configure:9233: $? = 0
configure:9235: result: yes
configure:9251: checking whether C compiler compiles floating-point math with -msse4.1
configure:9275: gcc -c  -msse4.1  conftest.c >&5
configure:9275: $? = 0
configure:9277: result: yes
configure:9335: pushed CPPFLAGS=
configure:9338: pushed CFLAGS= -msse4.1
configure:9341: pushed CXXFLAGS=
configure:9344: pushed FCFLAGS=
configure:9347: pushed FFLAGS=
configure:9350: pushed LDFLAGS=
configure:9353: pushed LIBS=
configure:9382: checking whether C compiler accepts -msse4.2
configure:9393: gcc -c  -msse4.2  conftest.c >&5
configure:9393: $? = 0
configure:9406: result: yes
configure:9425: popped CPPFLAGS from line 9335
configure:9428: popped CFLAGS from line 9338
configure:9431: popped CXXFLAGS from line 9341
configure:9434: popped FCFLAGS from line 9344
configure:9437: popped FFLAGS from line 9347
configure:9440: popped LDFLAGS from line 9350
configure:9443: popped LIBS from line 9353
configure:9454: checking whether C compiler defines __SSE4_2__ with -msse4.2
configure:9474: gcc -c  -msse4.2  conftest.c >&5
configure:9474: $? = 0
configure:9476: result: yes
configure:9492: checking whether C compiler compiles floating-point math with -msse4.2
configure:9516: gcc -c  -msse4.2  conftest.c >&5
configure:9516: $? = 0
configure:9518: result: yes
configure:9576: pushed CPPFLAGS=
configure:9579: pushed CFLAGS= -msse4.2
configure:9582: pushed CXXFLAGS=
configure:9585: pushed FCFLAGS=
configure:9588: pushed FFLAGS=
configure:9591: pushed LDFLAGS=
configure:9594: pushed LIBS=
configure:9623: checking whether C compiler accepts -mavx
configure:9634: gcc -c  -mavx  conftest.c >&5
configure:9634: $? = 0
configure:9647: result: yes
configure:9666: popped CPPFLAGS from line 9576
configure:9669: popped CFLAGS from line 9579
configure:9672: popped CXXFLAGS from line 9582
configure:9675: popped FCFLAGS from line 9585
configure:9678: popped FFLAGS from line 9588
configure:9681: popped LDFLAGS from line 9591
configure:9684: popped LIBS from line 9594
configure:9695: checking whether C compiler defines __AVX__ with -mavx
configure:9715: gcc -c  -mavx  conftest.c >&5
configure:9715: $? = 0
configure:9717: result: yes
configure:9733: checking whether C compiler compiles floating-point math with -mavx
configure:9757: gcc -c  -mavx  conftest.c >&5
configure:9757: $? = 0
configure:9759: result: yes
configure:9817: pushed CPPFLAGS=
configure:9820: pushed CFLAGS= -mavx
configure:9823: pushed CXXFLAGS=
configure:9826: pushed FCFLAGS=
configure:9829: pushed FFLAGS=
configure:9832: pushed LDFLAGS=
configure:9835: pushed LIBS=
configure:9864: checking whether C compiler accepts -mavx2
configure:9875: gcc -c  -mavx2  conftest.c >&5
configure:9875: $? = 0
configure:9888: result: yes
configure:9907: popped CPPFLAGS from line 9817
configure:9910: popped CFLAGS from line 9820
configure:9913: popped CXXFLAGS from line 9823
configure:9916: popped FCFLAGS from line 9826
configure:9919: popped FFLAGS from line 9829
configure:9922: popped LDFLAGS from line 9832
configure:9925: popped LIBS from line 9835
configure:9936: checking whether C compiler defines __AVX2__ with -mavx2
configure:9956: gcc -c  -mavx2  conftest.c >&5
configure:9956: $? = 0
configure:9958: result: yes
configure:9974: checking whether C compiler compiles floating-point math with -mavx2
configure:9998: gcc -c  -mavx2  conftest.c >&5
configure:9998: $? = 0
configure:10000: result: yes
configure:10060: C compiler supports SIMD instruction sets: SSE SSE2 SSE3 SSSE3 SSE4.1 SSE4.2 AVX AVX2
configure:10077: popped CPPFLAGS from line 8065
configure:10080: popped CFLAGS from line 8068
configure:10083: popped CXXFLAGS from line 8071
configure:10086: popped FCFLAGS from line 8074
configure:10089: popped FFLAGS from line 8077
configure:10092: popped LDFLAGS from line 8080
configure:10095: popped LIBS from line 8083
configure:10105: checking whether ln -s works
configure:10109: result: yes
configure:10120: checking for gawk
configure:10147: result: awk
configure:10158: checking for a sed that does not truncate output
configure:10222: result: /usr/bin/sed
configure:10317: checking for a Python interpreter with version >= 2.6
configure:10334: python -c import sys # split strings by '.' and convert to numeric. Append some zeros # because we need at least 4 digits for the hex conversion. # map returns an iterator in Python 3.0 and a list in 2.x minver = list(map(int, '2.6'.split('.'))) + [0, 0, 0] minverhex = 0 # xrange is not present in Python 3.0 and range returns an iterator for i in list(range(0, 4)): minverhex = (minverhex << 8) + minver[i] sys.exit(sys.hexversion < minverhex)
configure:10337: $? = 0
configure:10343: result: python
configure:10351: checking for python
configure:10369: found /Users/scottcoughlin/anaconda/bin//python
configure:10381: result: /Users/scottcoughlin/anaconda/bin//python
configure:10409: checking for python version
configure:10416: result: 2.7
configure:10428: checking for python platform
configure:10435: result: darwin
configure:10461: checking for python script directory
configure:10496: result: ${prefix}/lib/python2.7/site-packages
configure:10505: checking for python extension module directory
configure:10540: result: ${exec_prefix}/lib/python2.7/site-packages
configure:10612: checking for sw_vers
configure:10628: found /usr/bin/sw_vers
configure:10639: result: sw_vers
configure:10652: checking Mac OS X version
configure:10655: result: 10.12
configure:10718: checking how to print strings
configure:10745: result: printf
configure:10766: checking for a sed that does not truncate output
configure:10830: result: /usr/bin/sed
configure:10848: checking for fgrep
configure:10910: result: /usr/bin/grep -F
configure:10945: checking for ld used by gcc
configure:11012: result: /Library/Developer/CommandLineTools/usr/bin/ld
configure:11019: checking if the linker (/Library/Developer/CommandLineTools/usr/bin/ld) is GNU ld
configure:11034: result: no
configure:11046: checking for BSD- or MS-compatible name lister (nm)
configure:11100: result: /usr/bin/nm -B
configure:11230: checking the name lister (/usr/bin/nm -B) interface
configure:11237: gcc -c   -pthread  -O2 -g    -D_THREAD_SAFE  -D_ISOC99_SOURCE   conftest.c >&5
configure:11240: /usr/bin/nm -B "conftest.o"
configure:11243: output
0000000000000210 S _some_variable
configure:11250: result: BSD nm
configure:11254: checking the maximum length of command line arguments
configure:11385: result: 196608
configure:11433: checking how to convert x86_64-apple-darwin16.0.0 file names to x86_64-apple-darwin16.0.0 format
configure:11473: result: func_convert_file_noop
configure:11480: checking how to convert x86_64-apple-darwin16.0.0 file names to toolchain format
configure:11500: result: func_convert_file_noop
configure:11507: checking for /Library/Developer/CommandLineTools/usr/bin/ld avx2 to reload object files
configure:11514: result: -r
configure:11588: checking for objdump
configure:11604: found /usr/bin/objdump
configure:11615: result: objdump
configure:11647: checking how to recognize dependent libraries
configure:11847: result: pass_all
configure:11932: checking for dlltool
configure:11962: result: no
configure:11992: checking how to associate runtime and link libraries
configure:12019: result: printf %s\n
configure:12079: checking for ar
configure:12095: found /usr/bin/ar
configure:12106: result: ar
configure:12143: checking for archiver @FILE support
configure:12160: gcc -c   -pthread  -O2 -g    -D_THREAD_SAFE  -D_ISOC99_SOURCE   conftest.c >&5
configure:12160: $? = 0
configure:12163: ar cru libconftest.a @conftest.lst >&5
ar: @conftest.lst: No such file or directory
configure:12166: $? = 1
configure:12186: result: no
configure:12244: checking for strip
configure:12260: found /usr/bin/strip
configure:12271: result: strip
configure:12343: checking for ranlib
configure:12359: found /usr/bin/ranlib
configure:12370: result: ranlib
configure:12472: checking command to parse /usr/bin/nm -B output from gcc object
configure:12625: gcc -c   -pthread  -O2 -g    -D_THREAD_SAFE  -D_ISOC99_SOURCE   conftest.c >&5
configure:12628: $? = 0
configure:12632: /usr/bin/nm -B conftest.o \| sed -n -e 's/^.*[ ]\([BCDEGRST][BCDEGRST]*\)[ ][ ]*\([_A-Za-z][_A-Za-z0-9]*\)$/\1 \2 \2/p' | sed '/ __gnu_lto/d' \> conftest.nm
configure:12635: $? = 0
cannot find nm_test_var in conftest.nm
configure:12625: gcc -c   -pthread  -O2 -g    -D_THREAD_SAFE  -D_ISOC99_SOURCE   conftest.c >&5
configure:12628: $? = 0
configure:12632: /usr/bin/nm -B conftest.o \| sed -n -e 's/^.*[ ]\([BCDEGRST][BCDEGRST]*\)[ ][ ]*_\([_A-Za-z][_A-Za-z0-9]*\)$/\1 _\2 \2/p' | sed '/ __gnu_lto/d' \> conftest.nm
configure:12635: $? = 0
configure:12701: gcc -o conftest   -pthread  -O2 -g    -D_THREAD_SAFE  -D_ISOC99_SOURCE      conftest.c conftstm.o >&5
warning: (x86_64)  could not find object file symbol for symbol _main
configure:12704: $? = 0
configure:12742: result: ok
configure:12789: checking for sysroot
configure:12819: result: no
configure:12826: checking for a working dd
configure:12864: result: /bin/dd
configure:12868: checking how to truncate binary pipes
configure:12883: result: /bin/dd bs=4096 count=1
configure:13212: checking for mt
configure:13242: result: no
configure:13262: checking if : is a manifest tool
configure:13268: : '-?'
configure:13276: result: no
configure:13332: checking for dsymutil
configure:13348: found /usr/bin/dsymutil
configure:13359: result: dsymutil
configure:13424: checking for nmedit
configure:13440: found /usr/bin/nmedit
configure:13451: result: nmedit
configure:13516: checking for lipo
configure:13532: found /usr/bin/lipo
configure:13543: result: lipo
configure:13608: checking for otool
configure:13624: found /usr/bin/otool
configure:13635: result: otool
configure:13700: checking for otool64
configure:13730: result: no
configure:13775: checking for -single_module linker flag
gcc   -pthread  -O2 -g     -o libconftest.dylib -dynamiclib -Wl,-single_module conftest.c
configure:13808: result: yes
configure:13811: checking for -exported_symbols_list linker flag
configure:13831: gcc -o conftest   -pthread  -O2 -g    -D_THREAD_SAFE  -D_ISOC99_SOURCE      -Wl,-exported_symbols_list,conftest.sym conftest.c  >&5
configure:13831: $? = 0
configure:13841: result: yes
configure:13844: checking for -force_load linker flag
gcc   -pthread  -O2 -g  -c -o conftest.o conftest.c
ar cru libconftest.a conftest.o
ranlib libconftest.a
gcc   -pthread  -O2 -g     -o conftest conftest.c -Wl,-force_load,./libconftest.a
configure:13876: result: yes
configure:13950: checking for dlfcn.h
configure:13950: gcc -c   -pthread  -O2 -g    -D_THREAD_SAFE  -D_ISOC99_SOURCE   conftest.c >&5
configure:13950: $? = 0
configure:13950: result: yes
configure:14218: checking for objdir
configure:14233: result: .libs
configure:14497: checking if gcc supports -fno-rtti -fno-exceptions
configure:14515: gcc -c   -pthread  -O2 -g    -D_THREAD_SAFE  -D_ISOC99_SOURCE   -fno-rtti -fno-exceptions conftest.c >&5
configure:14519: $? = 0
configure:14532: result: yes
configure:14890: checking for gcc avx2 to produce PIC
configure:14897: result: -fno-common -DPIC
configure:14905: checking if gcc PIC flag -fno-common -DPIC works
configure:14923: gcc -c   -pthread  -O2 -g    -D_THREAD_SAFE  -D_ISOC99_SOURCE   -fno-common -DPIC -DPIC conftest.c >&5
configure:14927: $? = 0
configure:14940: result: yes
configure:14969: checking if gcc static flag -static works
configure:14997: result: no
configure:15012: checking if gcc supports -c -o file.o
configure:15033: gcc -c   -pthread  -O2 -g    -D_THREAD_SAFE  -D_ISOC99_SOURCE   -o out/conftest2.o conftest.c >&5
configure:15037: $? = 0
configure:15059: result: yes
configure:15067: checking if gcc supports -c -o file.o
configure:15114: result: yes
configure:15147: checking whether the gcc linker (/Library/Developer/CommandLineTools/usr/bin/ld) supports shared libraries
configure:16406: result: yes
configure:16646: checking dynamic linker characteristics
configure:17464: result: darwin16.0.0 dyld
configure:17586: checking how to hardcode library paths into programs
configure:17611: result: immediate
configure:18159: checking whether stripping libraries is possible
configure:18173: result: yes
configure:18199: checking if libtool supports shared libraries
configure:18201: result: yes
configure:18204: checking whether to build shared libraries
configure:18229: result: yes
configure:18232: checking whether to build static libraries
configure:18236: result: yes
configure:24523: creating ./config.lt

## ------------------ ##
## Running config.lt. ##
## ------------------ ##
config.lt:730: creating libtool
configure:26401: checking for additional compiler flags
configure:26479: result: none
configure:26484: checking for sin in -lm
configure:26509: ./libtool --mode=link --tag=CC gcc -o conftest   -pthread  -O2 -g    -D_THREAD_SAFE  -D_ISOC99_SOURCE      conftest.c -lm   >&5 
libtool: link: gcc -o conftest -pthread -O2 -g -D_THREAD_SAFE -D_ISOC99_SOURCE conftest.c  -lm -pthread
conftest.c:47:6: warning: incompatible redeclaration of library function 'sin' [-Wincompatible-library-redeclaration]
char sin ();
     ^
conftest.c:47:6: note: 'sin' is a builtin with type 'double (double)'
1 warning generated.
configure:26509: $? = 0
configure:26518: result: yes
configure:26580: checking for ANSI C header files
configure:26684: result: yes
configure:26695: checking sys/time.h usability
configure:26695: gcc -c   -pthread  -O2 -g    -D_THREAD_SAFE  -D_ISOC99_SOURCE   conftest.c >&5
configure:26695: $? = 0
configure:26695: result: yes
configure:26695: checking sys/time.h presence
configure:26695: gcc -E   -D_THREAD_SAFE  -D_ISOC99_SOURCE   conftest.c
configure:26695: $? = 0
configure:26695: result: yes
configure:26695: checking for sys/time.h
configure:26695: result: yes
configure:26695: checking sys/resource.h usability
configure:26695: gcc -c   -pthread  -O2 -g    -D_THREAD_SAFE  -D_ISOC99_SOURCE   conftest.c >&5
configure:26695: $? = 0
configure:26695: result: yes
configure:26695: checking sys/resource.h presence
configure:26695: gcc -E   -D_THREAD_SAFE  -D_ISOC99_SOURCE   conftest.c
configure:26695: $? = 0
configure:26695: result: yes
configure:26695: checking for sys/resource.h
configure:26695: result: yes
configure:26695: checking for unistd.h
configure:26695: result: yes
configure:26695: checking malloc.h usability
configure:26695: gcc -c   -pthread  -O2 -g    -D_THREAD_SAFE  -D_ISOC99_SOURCE   conftest.c >&5
conftest.c:78:10: fatal error: 'malloc.h' file not found
#include <malloc.h>
         ^
1 error generated.
configure:26695: $? = 1
configure: failed program was:
| /* confdefs.h */
| #define PACKAGE_NAME "LAL"
| #define PACKAGE_TARNAME "lal"
| #define PACKAGE_VERSION "6.18.0"
| #define PACKAGE_STRING "LAL 6.18.0"
| #define PACKAGE_BUGREPORT "lal-discuss@ligo.org"
| #define PACKAGE_URL ""
| #define PACKAGE "lal"
| #define VERSION "6.18.0"
| #define LAL_DEFAULT_DEBUG_LEVEL 1
| #define HAVE_PTHREAD_PRIO_INHERIT 1
| #define LAL_PTHREAD_LOCK 1
| #define LAL_VERSION "6.18.0"
| #define LAL_VERSION_MAJOR 6
| #define LAL_VERSION_MINOR 18
| #define LAL_VERSION_MICRO 0
| #define LAL_VERSION_DEVEL 0
| #define STDC_HEADERS 1
| #define HAVE_SYS_TYPES_H 1
| #define HAVE_SYS_STAT_H 1
| #define HAVE_STDLIB_H 1
| #define HAVE_STRING_H 1
| #define HAVE_MEMORY_H 1
| #define HAVE_STRINGS_H 1
| #define HAVE_INTTYPES_H 1
| #define HAVE_STDINT_H 1
| #define HAVE_UNISTD_H 1
| #define HAVE_SSE_COMPILER 1
| #define HAVE_SSE2_COMPILER 1
| #define HAVE_SSE3_COMPILER 1
| #define HAVE_SSSE3_COMPILER 1
| #define HAVE_SSE4_1_COMPILER 1
| #define HAVE_SSE4_2_COMPILER 1
| #define HAVE_AVX_COMPILER 1
| #define HAVE_AVX2_COMPILER 1
| #define HAVE_SIMD_COMPILER "SSE SSE2 SSE3 SSSE3 SSE4.1 SSE4.2 AVX AVX2"
| #define HAVE_DLFCN_H 1
| #define LT_OBJDIR ".libs/"
| #define HAVE_LIBM 1
| #define STDC_HEADERS 1
| #define HAVE_SYS_TIME_H 1
| #define HAVE_SYS_RESOURCE_H 1
| #define HAVE_UNISTD_H 1
| /* end confdefs.h.  */
| #include <stdio.h>
| #ifdef HAVE_SYS_TYPES_H
| # include <sys/types.h>
| #endif
| #ifdef HAVE_SYS_STAT_H
| # include <sys/stat.h>
| #endif
| #ifdef STDC_HEADERS
| # include <stdlib.h>
| # include <stddef.h>
| #else
| # ifdef HAVE_STDLIB_H
| #  include <stdlib.h>
| # endif
| #endif
| #ifdef HAVE_STRING_H
| # if !defined STDC_HEADERS && defined HAVE_MEMORY_H
| #  include <memory.h>
| # endif
| # include <string.h>
| #endif
| #ifdef HAVE_STRINGS_H
| # include <strings.h>
| #endif
| #ifdef HAVE_INTTYPES_H
| # include <inttypes.h>
| #endif
| #ifdef HAVE_STDINT_H
| # include <stdint.h>
| #endif
| #ifdef HAVE_UNISTD_H
| # include <unistd.h>
| #endif
| #include <malloc.h>
configure:26695: result: no
configure:26695: checking malloc.h presence
configure:26695: gcc -E   -D_THREAD_SAFE  -D_ISOC99_SOURCE   conftest.c
conftest.c:45:10: fatal error: 'malloc.h' file not found
#include <malloc.h>
         ^
1 error generated.
configure:26695: $? = 1
configure: failed program was:
| /* confdefs.h */
| #define PACKAGE_NAME "LAL"
| #define PACKAGE_TARNAME "lal"
| #define PACKAGE_VERSION "6.18.0"
| #define PACKAGE_STRING "LAL 6.18.0"
| #define PACKAGE_BUGREPORT "lal-discuss@ligo.org"
| #define PACKAGE_URL ""
| #define PACKAGE "lal"
| #define VERSION "6.18.0"
| #define LAL_DEFAULT_DEBUG_LEVEL 1
| #define HAVE_PTHREAD_PRIO_INHERIT 1
| #define LAL_PTHREAD_LOCK 1
| #define LAL_VERSION "6.18.0"
| #define LAL_VERSION_MAJOR 6
| #define LAL_VERSION_MINOR 18
| #define LAL_VERSION_MICRO 0
| #define LAL_VERSION_DEVEL 0
| #define STDC_HEADERS 1
| #define HAVE_SYS_TYPES_H 1
| #define HAVE_SYS_STAT_H 1
| #define HAVE_STDLIB_H 1
| #define HAVE_STRING_H 1
| #define HAVE_MEMORY_H 1
| #define HAVE_STRINGS_H 1
| #define HAVE_INTTYPES_H 1
| #define HAVE_STDINT_H 1
| #define HAVE_UNISTD_H 1
| #define HAVE_SSE_COMPILER 1
| #define HAVE_SSE2_COMPILER 1
| #define HAVE_SSE3_COMPILER 1
| #define HAVE_SSSE3_COMPILER 1
| #define HAVE_SSE4_1_COMPILER 1
| #define HAVE_SSE4_2_COMPILER 1
| #define HAVE_AVX_COMPILER 1
| #define HAVE_AVX2_COMPILER 1
| #define HAVE_SIMD_COMPILER "SSE SSE2 SSE3 SSSE3 SSE4.1 SSE4.2 AVX AVX2"
| #define HAVE_DLFCN_H 1
| #define LT_OBJDIR ".libs/"
| #define HAVE_LIBM 1
| #define STDC_HEADERS 1
| #define HAVE_SYS_TIME_H 1
| #define HAVE_SYS_RESOURCE_H 1
| #define HAVE_UNISTD_H 1
| /* end confdefs.h.  */
| #include <malloc.h>
configure:26695: result: no
configure:26695: checking for malloc.h
configure:26695: result: no
configure:26695: checking regex.h usability
configure:26695: gcc -c   -pthread  -O2 -g    -D_THREAD_SAFE  -D_ISOC99_SOURCE   conftest.c >&5
configure:26695: $? = 0
configure:26695: result: yes
configure:26695: checking regex.h presence
configure:26695: gcc -E   -D_THREAD_SAFE  -D_ISOC99_SOURCE   conftest.c
configure:26695: $? = 0
configure:26695: result: yes
configure:26695: checking for regex.h
configure:26695: result: yes
configure:26695: checking glob.h usability
configure:26695: gcc -c   -pthread  -O2 -g    -D_THREAD_SAFE  -D_ISOC99_SOURCE   conftest.c >&5
configure:26695: $? = 0
configure:26695: result: yes
configure:26695: checking glob.h presence
configure:26695: gcc -E   -D_THREAD_SAFE  -D_ISOC99_SOURCE   conftest.c
configure:26695: $? = 0
configure:26695: result: yes
configure:26695: checking for glob.h
configure:26695: result: yes
configure:26695: checking execinfo.h usability
configure:26695: gcc -c   -pthread  -O2 -g    -D_THREAD_SAFE  -D_ISOC99_SOURCE   conftest.c >&5
configure:26695: $? = 0
configure:26695: result: yes
configure:26695: checking execinfo.h presence
configure:26695: gcc -E   -D_THREAD_SAFE  -D_ISOC99_SOURCE   conftest.c
configure:26695: $? = 0
configure:26695: result: yes
configure:26695: checking for execinfo.h
configure:26695: result: yes
configure:26707: checking for stdint.h
configure:26707: result: yes
configure:26721: checking for inttypes.h
configure:26721: result: yes
configure:26735: checking cpuid.h usability
configure:26735: gcc -c   -pthread  -O2 -g    -D_THREAD_SAFE  -D_ISOC99_SOURCE   conftest.c >&5
configure:26735: $? = 0
configure:26735: result: yes
configure:26735: checking cpuid.h presence
configure:26735: gcc -E   -D_THREAD_SAFE  -D_ISOC99_SOURCE   conftest.c
configure:26735: $? = 0
configure:26735: result: yes
configure:26735: checking for cpuid.h
configure:26735: result: yes
configure:26745: checking for gethostname prototype in unistd.h
configure:26754: result: yes
configure:26770: checking pthread.h usability
configure:26770: gcc -c   -pthread  -O2 -g    -D_THREAD_SAFE  -D_ISOC99_SOURCE   conftest.c >&5
configure:26770: $? = 0
configure:26770: result: yes
configure:26770: checking pthread.h presence
configure:26770: gcc -E   -D_THREAD_SAFE  -D_ISOC99_SOURCE   conftest.c
configure:26770: $? = 0
configure:26770: result: yes
configure:26770: checking for pthread.h
configure:26770: result: yes
configure:26853: checking for pkg-config
configure:26886: result: no
configure:26921: checking for ZLIB
configure:26980: result: no
configure:26994: pushed CPPFLAGS=  -D_THREAD_SAFE  -D_ISOC99_SOURCE  
configure:26997: pushed CFLAGS=  -pthread  -O2 -g 
configure:27000: pushed CXXFLAGS= 
configure:27003: pushed FCFLAGS=
configure:27006: pushed FFLAGS= 
configure:27009: pushed LDFLAGS=  
configure:27012: pushed LIBS=-lm 
configure:27152: checking for library containing compress
configure:27183: ./libtool --mode=link --tag=CC gcc -o conftest   -pthread  -O2 -g    -D_THREAD_SAFE  -D_ISOC99_SOURCE      conftest.c -lm  >&5 
libtool: link: gcc -o conftest -pthread -O2 -g -D_THREAD_SAFE -D_ISOC99_SOURCE conftest.c  -lm -pthread
Undefined symbols for architecture x86_64:
  "_compress", referenced from:
      _main in conftest-6b2daa.o
ld: symbol(s) not found for architecture x86_64
clang: error: linker command failed with exit code 1 (use -v to see invocation)
configure:27183: $? = 1
configure: failed program was:
| /* confdefs.h */
| #define PACKAGE_NAME "LAL"
| #define PACKAGE_TARNAME "lal"
| #define PACKAGE_VERSION "6.18.0"
| #define PACKAGE_STRING "LAL 6.18.0"
| #define PACKAGE_BUGREPORT "lal-discuss@ligo.org"
| #define PACKAGE_URL ""
| #define PACKAGE "lal"
| #define VERSION "6.18.0"
| #define LAL_DEFAULT_DEBUG_LEVEL 1
| #define HAVE_PTHREAD_PRIO_INHERIT 1
| #define LAL_PTHREAD_LOCK 1
| #define LAL_VERSION "6.18.0"
| #define LAL_VERSION_MAJOR 6
| #define LAL_VERSION_MINOR 18
| #define LAL_VERSION_MICRO 0
| #define LAL_VERSION_DEVEL 0
| #define STDC_HEADERS 1
| #define HAVE_SYS_TYPES_H 1
| #define HAVE_SYS_STAT_H 1
| #define HAVE_STDLIB_H 1
| #define HAVE_STRING_H 1
| #define HAVE_MEMORY_H 1
| #define HAVE_STRINGS_H 1
| #define HAVE_INTTYPES_H 1
| #define HAVE_STDINT_H 1
| #define HAVE_UNISTD_H 1
| #define HAVE_SSE_COMPILER 1
| #define HAVE_SSE2_COMPILER 1
| #define HAVE_SSE3_COMPILER 1
| #define HAVE_SSSE3_COMPILER 1
| #define HAVE_SSE4_1_COMPILER 1
| #define HAVE_SSE4_2_COMPILER 1
| #define HAVE_AVX_COMPILER 1
| #define HAVE_AVX2_COMPILER 1
| #define HAVE_SIMD_COMPILER "SSE SSE2 SSE3 SSSE3 SSE4.1 SSE4.2 AVX AVX2"
| #define HAVE_DLFCN_H 1
| #define LT_OBJDIR ".libs/"
| #define HAVE_LIBM 1
| #define STDC_HEADERS 1
| #define HAVE_SYS_TIME_H 1
| #define HAVE_SYS_RESOURCE_H 1
| #define HAVE_UNISTD_H 1
| #define HAVE_REGEX_H 1
| #define HAVE_GLOB_H 1
| #define HAVE_EXECINFO_H 1
| #define HAVE_STDINT_H 1
| #define HAVE_INTTYPES_H 1
| #define HAVE_CPUID_H 1
| #define HAVE_GETHOSTNAME_PROTOTYPE 1
| #define HAVE_PTHREAD_H 1
| /* end confdefs.h.  */
| 
| /* Override any GCC internal prototype to avoid an error.
|    Use char because int might match the return type of a GCC
|    builtin and then its argument prototype would still apply.  */
| #ifdef __cplusplus
| extern "C"
| #endif
| char compress ();
| int
| main ()
| {
| return compress ();
|   ;
|   return 0;
| }
configure:27200: result: no
configure:27207: error: could not find the zlib library

## ---------------- ##
## Cache variables. ##
## ---------------- ##

ac_cv_build=x86_64-apple-darwin16.0.0
ac_cv_c_compiler_gnu=yes
ac_cv_env_BOINC_EXTRA_CFLAGS_set=
ac_cv_env_BOINC_EXTRA_CFLAGS_value=
ac_cv_env_BOINC_EXTRA_LIBS_set=
ac_cv_env_BOINC_EXTRA_LIBS_value=
ac_cv_env_BOINC_PREFIX_set=
ac_cv_env_BOINC_PREFIX_value=
ac_cv_env_CCC_set=
ac_cv_env_CCC_value=
ac_cv_env_CC_set=
ac_cv_env_CC_value=
ac_cv_env_CFLAGS_set=
ac_cv_env_CFLAGS_value=
ac_cv_env_CPPFLAGS_set=
ac_cv_env_CPPFLAGS_value=
ac_cv_env_CPP_set=
ac_cv_env_CPP_value=
ac_cv_env_CXXCPP_set=
ac_cv_env_CXXCPP_value=
ac_cv_env_CXXFLAGS_set=
ac_cv_env_CXXFLAGS_value=
ac_cv_env_CXX_set=
ac_cv_env_CXX_value=
ac_cv_env_F77_set=
ac_cv_env_F77_value=
ac_cv_env_FFLAGS_set=
ac_cv_env_FFLAGS_value=
ac_cv_env_FFTW3_CFLAGS_set=
ac_cv_env_FFTW3_CFLAGS_value=
ac_cv_env_FFTW3_LIBS_set=
ac_cv_env_FFTW3_LIBS_value=
ac_cv_env_GSL_CFLAGS_set=
ac_cv_env_GSL_CFLAGS_value=
ac_cv_env_GSL_LIBS_set=
ac_cv_env_GSL_LIBS_value=
ac_cv_env_LDFLAGS_set=
ac_cv_env_LDFLAGS_value=
ac_cv_env_LIBS_set=
ac_cv_env_LIBS_value=
ac_cv_env_LT_SYS_LIBRARY_PATH_set=
ac_cv_env_LT_SYS_LIBRARY_PATH_value=
ac_cv_env_PAGER_set=
ac_cv_env_PAGER_value=
ac_cv_env_PKG_CONFIG_LIBDIR_set=
ac_cv_env_PKG_CONFIG_LIBDIR_value=
ac_cv_env_PKG_CONFIG_PATH_set=
ac_cv_env_PKG_CONFIG_PATH_value=
ac_cv_env_PKG_CONFIG_set=
ac_cv_env_PKG_CONFIG_value=
ac_cv_env_PYTHON_set=
ac_cv_env_PYTHON_value=
ac_cv_env_ZLIB_CFLAGS_set=
ac_cv_env_ZLIB_CFLAGS_value=
ac_cv_env_ZLIB_LIBS_set=
ac_cv_env_ZLIB_LIBS_value=
ac_cv_env_build_alias_set=
ac_cv_env_build_alias_value=
ac_cv_env_host_alias_set=
ac_cv_env_host_alias_value=
ac_cv_env_target_alias_set=
ac_cv_env_target_alias_value=
ac_cv_header_cpuid_h=yes
ac_cv_header_dlfcn_h=yes
ac_cv_header_execinfo_h=yes
ac_cv_header_glob_h=yes
ac_cv_header_inttypes_h=yes
ac_cv_header_malloc_h=no
ac_cv_header_memory_h=yes
ac_cv_header_pthread_h=yes
ac_cv_header_regex_h=yes
ac_cv_header_stdc=yes
ac_cv_header_stdint_h=yes
ac_cv_header_stdlib_h=yes
ac_cv_header_string_h=yes
ac_cv_header_strings_h=yes
ac_cv_header_sys_resource_h=yes
ac_cv_header_sys_stat_h=yes
ac_cv_header_sys_time_h=yes
ac_cv_header_sys_types_h=yes
ac_cv_header_unistd_h=yes
ac_cv_host=x86_64-apple-darwin16.0.0
ac_cv_lib_m_sin=yes
ac_cv_objext=o
ac_cv_path_EGREP='/usr/bin/grep -E'
ac_cv_path_FGREP='/usr/bin/grep -F'
ac_cv_path_GIT=/usr/bin/git
ac_cv_path_GREP=/usr/bin/grep
ac_cv_path_PYTHON=/Users/scottcoughlin/anaconda/bin//python
ac_cv_path_SED=/usr/bin/sed
ac_cv_path_install='/usr/bin/install -c'
ac_cv_path_lt_DD=/bin/dd
ac_cv_prog_AWK=awk
ac_cv_prog_CPP='gcc -E'
ac_cv_prog_SW_VERS=sw_vers
ac_cv_prog_ac_ct_AR=ar
ac_cv_prog_ac_ct_CC=gcc
ac_cv_prog_ac_ct_DSYMUTIL=dsymutil
ac_cv_prog_ac_ct_LIPO=lipo
ac_cv_prog_ac_ct_NMEDIT=nmedit
ac_cv_prog_ac_ct_OBJDUMP=objdump
ac_cv_prog_ac_ct_OTOOL=otool
ac_cv_prog_ac_ct_RANLIB=ranlib
ac_cv_prog_ac_ct_STRIP=strip
ac_cv_prog_cc_c89=
ac_cv_prog_cc_c99=
ac_cv_prog_cc_g=yes
ac_cv_prog_make_make_set=yes
ac_cv_search_compress=no
am_cv_CC_dependencies_compiler_type=gcc3
am_cv_make_support_nested_variables=yes
am_cv_pathless_PYTHON=python
am_cv_prog_cc_c_o=yes
am_cv_prog_tar_ustar=gnutar
am_cv_python_platform=darwin
am_cv_python_pyexecdir='${exec_prefix}/lib/python2.7/site-packages'
am_cv_python_pythondir='${prefix}/lib/python2.7/site-packages'
am_cv_python_version=2.7
ax_cv_PTHREAD_PRIO_INHERIT=yes
lalsuite_cv_check_compile_c__mavx2=yes
lalsuite_cv_check_compile_c__mavx=yes
lalsuite_cv_check_compile_c__msse2=yes
lalsuite_cv_check_compile_c__msse3=yes
lalsuite_cv_check_compile_c__msse4_1=yes
lalsuite_cv_check_compile_c__msse4_2=yes
lalsuite_cv_check_compile_c__msse=yes
lalsuite_cv_check_compile_c__mssse3=yes
lt_cv_apple_cc_single_mod=yes
lt_cv_ar_at_file=no
lt_cv_deplibs_check_method=pass_all
lt_cv_file_magic_cmd='$MAGIC_CMD'
lt_cv_file_magic_test_file=
lt_cv_ld_exported_symbols_list=yes
lt_cv_ld_force_load=yes
lt_cv_ld_reload_flag=-r
lt_cv_nm_interface='BSD nm'
lt_cv_objdir=.libs
lt_cv_path_LD=/Library/Developer/CommandLineTools/usr/bin/ld
lt_cv_path_NM='/usr/bin/nm -B'
lt_cv_path_mainfest_tool=no
lt_cv_prog_compiler_c_o=yes
lt_cv_prog_compiler_pic='-fno-common -DPIC'
lt_cv_prog_compiler_pic_works=yes
lt_cv_prog_compiler_rtti_exceptions=yes
lt_cv_prog_compiler_static_works=no
lt_cv_prog_gnu_ld=no
lt_cv_sharedlib_from_linklib_cmd='printf %s\n'
lt_cv_sys_global_symbol_pipe='sed -n -e '\''s/^.*[	 ]\([BCDEGRST][BCDEGRST]*\)[	 ][	 ]*_\([_A-Za-z][_A-Za-z0-9]*\)$/\1 _\2 \2/p'\'' | sed '\''/ __gnu_lto/d'\'''
lt_cv_sys_global_symbol_to_c_name_address='sed -n -e '\''s/^: \(.*\) .*$/  {"\1", (void *) 0},/p'\'' -e '\''s/^[BCDEGRST][BCDEGRST]* .* \(.*\)$/  {"\1", (void *) \&\1},/p'\'''
lt_cv_sys_global_symbol_to_c_name_address_lib_prefix='sed -n -e '\''s/^: \(.*\) .*$/  {"\1", (void *) 0},/p'\'' -e '\''s/^[BCDEGRST][BCDEGRST]* .* \(lib.*\)$/  {"\1", (void *) \&\1},/p'\'' -e '\''s/^[BCDEGRST][BCDEGRST]* .* \(.*\)$/  {"lib\1", (void *) \&\1},/p'\'''
lt_cv_sys_global_symbol_to_cdecl='sed -n -e '\''s/^T .* \(.*\)$/extern int \1();/p'\'' -e '\''s/^[BCDEGRST][BCDEGRST]* .* \(.*\)$/extern char \1;/p'\'''
lt_cv_sys_global_symbol_to_import=
lt_cv_sys_max_cmd_len=196608
lt_cv_to_host_file_cmd=func_convert_file_noop
lt_cv_to_tool_file_cmd=func_convert_file_noop
lt_cv_truncate_bin='/bin/dd bs=4096 count=1'

## ----------------- ##
## Output variables. ##
## ----------------- ##

ACLOCAL='${SHELL} /Users/scottcoughlin/Documents/GitHub/GravitySpy/src/lal-6.18.0/gnuscripts/missing aclocal-1.15'
AMDEPBACKSLASH='\'
AMDEP_FALSE='#'
AMDEP_TRUE=''
AMTAR='$${TAR-tar}'
AM_BACKSLASH='\'
AM_CFLAGS='  -pthread  -O2 -g'
AM_CPPFLAGS='  -D_THREAD_SAFE  -D_ISOC99_SOURCE'
AM_CXXFLAGS=''
AM_DEFAULT_V='$(AM_DEFAULT_VERBOSITY)'
AM_DEFAULT_VERBOSITY='0'
AM_FCFLAGS=''
AM_FFLAGS=''
AM_LDFLAGS=''
AM_V='$(V)'
AR='ar'
AUTOCONF='${SHELL} /Users/scottcoughlin/Documents/GitHub/GravitySpy/src/lal-6.18.0/gnuscripts/missing autoconf'
AUTOHEADER='${SHELL} /Users/scottcoughlin/Documents/GitHub/GravitySpy/src/lal-6.18.0/gnuscripts/missing autoheader'
AUTOMAKE='${SHELL} /Users/scottcoughlin/Documents/GitHub/GravitySpy/src/lal-6.18.0/gnuscripts/missing automake-1.15'
AVX2_CFLAGS='-DSIMD_INSTRSET=AVX2 -mavx2'
AVX_CFLAGS='-DSIMD_INSTRSET=AVX -mavx'
AWK='awk'
BIBTEX=''
BOINC_CFLAGS=''
BOINC_EXTRA_CFLAGS=''
BOINC_EXTRA_LIBS=''
BOINC_FALSE=''
BOINC_LIBS=''
BOINC_PREFIX=''
BOINC_TRUE='#'
CC='gcc'
CCDEPMODE='depmode=gcc3'
CFLAGS='  -pthread  -O2 -g '
CPP='gcc -E'
CPPFLAGS='  -D_THREAD_SAFE  -D_ISOC99_SOURCE  '
CUDA_CFLAGS=''
CUDA_FALSE=''
CUDA_LIBS=''
CUDA_TRUE='#'
CXX=''
CXXCPP=''
CXXDEPMODE=''
CXXFLAGS=' '
CYGPATH_W='echo'
DEFS=''
DEPDIR='.deps'
DISTCHECK_CONFIGURE_FLAGS=''
DLLTOOL='false'
DOXYGEN=''
DOXYGEN_ENABLED_SECTIONS=''
DOXYGEN_FALSE=''
DOXYGEN_INSTALL_DIRMAP=''
DOXYGEN_MATHJAXDIR=''
DOXYGEN_TAGFILES=''
DOXYGEN_TRUE=''
DOXYGEN_WARNING_REGEX=''
DSYMUTIL='dsymutil'
DUMPBIN=''
ECHO_C='\c'
ECHO_N=''
ECHO_T=''
EGREP='/usr/bin/grep -E'
EXEEXT=''
F77=''
FFLAGS=' '
FFTW3_CFLAGS=''
FFTW3_LIBS=''
FGREP='/usr/bin/grep -F'
GIT='/usr/bin/git'
GREP='/usr/bin/grep'
GSL_CFLAGS=''
GSL_LIBS=''
H5CC=''
H5FC=''
HAVE_AVX2_COMPILER_FALSE='#'
HAVE_AVX2_COMPILER_TRUE=''
HAVE_AVX_COMPILER_FALSE='#'
HAVE_AVX_COMPILER_TRUE=''
HAVE_GIT_REPO_FALSE=''
HAVE_GIT_REPO_TRUE='#'
HAVE_PYTHON_FALSE='#'
HAVE_PYTHON_TRUE=''
HAVE_SSE2_COMPILER_FALSE='#'
HAVE_SSE2_COMPILER_TRUE=''
HAVE_SSE3_COMPILER_FALSE='#'
HAVE_SSE3_COMPILER_TRUE=''
HAVE_SSE4_1_COMPILER_FALSE='#'
HAVE_SSE4_1_COMPILER_TRUE=''
HAVE_SSE4_2_COMPILER_FALSE='#'
HAVE_SSE4_2_COMPILER_TRUE=''
HAVE_SSE_COMPILER_FALSE='#'
HAVE_SSE_COMPILER_TRUE=''
HAVE_SSSE3_COMPILER_FALSE='#'
HAVE_SSSE3_COMPILER_TRUE=''
HDF5_CC=''
HDF5_CFLAGS=''
HDF5_CPPFLAGS=''
HDF5_FC=''
HDF5_FFLAGS=''
HDF5_FLIBS=''
HDF5_LDFLAGS=''
HDF5_LIBS=''
HDF5_VERSION=''
INSTALL_DATA='${INSTALL} -m 644'
INSTALL_PROGRAM='${INSTALL}'
INSTALL_SCRIPT='${INSTALL}'
INSTALL_STRIP_PROGRAM='$(install_sh) -c -s'
INTELFFT_FALSE=''
INTELFFT_TRUE=''
LD='/Library/Developer/CommandLineTools/usr/bin/ld'
LDADD=''
LDFLAGS='  '
LIBAGE='0'
LIBAGE_SUPPORT='0'
LIBCURRENT='14'
LIBCURRENT_SUPPORT='11'
LIBOBJS=''
LIBREVISION='0'
LIBREVISION_SUPPORT='0'
LIBS='-lm '
LIBTOOL='$(SHELL) $(top_builddir)/libtool'
LIBVERSION='14:0:0'
LIBVERSION_SUPPORT='11:0:0'
LIPO='lipo'
LN_S='ln -s'
LTLIBOBJS=''
LT_SYS_LIBRARY_PATH=''
MAKEINFO='${SHELL} /Users/scottcoughlin/Documents/GitHub/GravitySpy/src/lal-6.18.0/gnuscripts/missing makeinfo'
MANIFEST_TOOL=':'
MIN_GLUE_VERSION='1.54.1'
MKDIR_P='gnuscripts/install-sh -c -d'
NIGHTLY_VERSION=''
NM='/usr/bin/nm -B'
NMEDIT='nmedit'
NVCC=''
OBJDUMP='objdump'
OBJEXT='o'
OCTAVE=''
OTOOL64=':'
OTOOL='otool'
PACKAGE='lal'
PACKAGE_BUGREPORT='lal-discuss@ligo.org'
PACKAGE_NAME='LAL'
PACKAGE_NAME_LCASE='lal'
PACKAGE_NAME_NOLAL=''
PACKAGE_NAME_UCASE='LAL'
PACKAGE_STRING='LAL 6.18.0'
PACKAGE_TARNAME='lal'
PACKAGE_URL=''
PACKAGE_VERSION='6.18.0'
PAGER=''
PAGER_CPPFLAGS=''
PATH_SEPARATOR=':'
PERL=''
PKG_CONFIG=''
PKG_CONFIG_LIBDIR=''
PKG_CONFIG_PATH=''
PTHREAD_CC='gcc'
PTHREAD_CFLAGS='-D_THREAD_SAFE -pthread'
PTHREAD_LIBS=''
PYTHON='/Users/scottcoughlin/anaconda/bin//python'
PYTHON_EXEC_PREFIX='${exec_prefix}'
PYTHON_PLATFORM='darwin'
PYTHON_PREFIX='${prefix}'
PYTHON_VERSION='2.7'
QTHREAD_FALSE=''
QTHREAD_TRUE=''
RANLIB='ranlib'
SED='/usr/bin/sed'
SET_MAKE=''
SHELL='/bin/sh'
SSE2_CFLAGS='-DSIMD_INSTRSET=SSE2 -msse2'
SSE3_CFLAGS='-DSIMD_INSTRSET=SSE3 -msse3'
SSE4_1_CFLAGS='-DSIMD_INSTRSET=SSE4_1 -msse4.1'
SSE4_2_CFLAGS='-DSIMD_INSTRSET=SSE4_2 -msse4.2'
SSE_CFLAGS='-DSIMD_INSTRSET=SSE -msse'
SSSE3_CFLAGS='-DSIMD_INSTRSET=SSSE3 -mssse3'
STRIP='strip'
SWIG=''
SWIG_BUILD_FALSE=''
SWIG_BUILD_OCTAVE_FALSE=''
SWIG_BUILD_OCTAVE_TRUE='#'
SWIG_BUILD_PYTHON_FALSE=''
SWIG_BUILD_PYTHON_TRUE='#'
SWIG_BUILD_TRUE=''
SWIG_CPPFLAGS=''
SWIG_DEPENDENCIES=''
SWIG_LDFLAGS=''
SWIG_LTLIBDIR=''
SWIG_OCTAVE_CPPFLAGS=''
SWIG_OCTAVE_CPPFLAGS_IOCTAVE=''
SWIG_OCTAVE_CXXFLAGS=''
SWIG_OCTAVE_FLAGS=''
SWIG_OCTAVE_LDFLAGS=''
SWIG_PYTHON_CFLAGS=''
SWIG_PYTHON_CPPFLAGS=''
SWIG_PYTHON_FLAGS=''
SWIG_PYTHON_LDFLAGS=''
SWIG_SOEXT=''
SW_VERS='sw_vers'
VERSION='6.18.0'
ZLIB_CFLAGS=''
ZLIB_LIBS=''
ac_configure_args=' '\''--prefix'\'' '\''/Users/scottcoughlin/Documents/GitHub/GravitySpy/opt/'\'''
ac_ct_AR='ar'
ac_ct_CC='gcc'
ac_ct_CXX=''
ac_ct_DUMPBIN=''
ac_ct_F77=''
am__EXEEXT_FALSE=''
am__EXEEXT_TRUE=''
am__fastdepCC_FALSE='#'
am__fastdepCC_TRUE=''
am__fastdepCXX_FALSE=''
am__fastdepCXX_TRUE='#'
am__include='include'
am__isrc=''
am__leading_dot='.'
am__nodep='_no'
am__quote=''
am__tar='tar --format=ustar -chf - "$$tardir"'
am__untar='tar -xf -'
ax_pthread_config=''
bindir='${exec_prefix}/bin'
build='x86_64-apple-darwin16.0.0'
build_alias=''
build_cpu='x86_64'
build_os='darwin16.0.0'
build_vendor='apple'
configure_date='2017-03-02T08:58:01-0600'
datadir='${datarootdir}'
datarootdir='${prefix}/share'
docdir='${datarootdir}/doc/${PACKAGE_TARNAME}'
dvidir='${docdir}'
exec_prefix='NONE'
host='x86_64-apple-darwin16.0.0'
host_alias=''
host_cpu='x86_64'
host_os='darwin16.0.0'
host_vendor='apple'
htmldir='${docdir}'
includedir='${prefix}/include'
infodir='${datarootdir}/info'
install_sh='${SHELL} /Users/scottcoughlin/Documents/GitHub/GravitySpy/src/lal-6.18.0/gnuscripts/install-sh'
libdir='${exec_prefix}/lib'
libexecdir='${exec_prefix}/libexec'
localedir='${datarootdir}/locale'
localstatedir='${prefix}/var'
mandir='${datarootdir}/man'
mkdir_p='$(MKDIR_P)'
octexecdir=''
oldincludedir='/usr/include'
pdfdir='${docdir}'
pkgpyexecdir='${pyexecdir}/lal'
pkgpythondir='${pythondir}/lal'
prefix='/Users/scottcoughlin/Documents/GitHub/GravitySpy/opt'
program_transform_name='s,x,x,'
psdir='${docdir}'
pyexecdir='${exec_prefix}/lib/python2.7/site-packages'
python_exec_prefix='/Users/scottcoughlin/anaconda'
python_prefix='/Users/scottcoughlin/anaconda'
pythondir='${prefix}/lib/python2.7/site-packages'
sbindir='${exec_prefix}/sbin'
sharedstatedir='${prefix}/com'
sysconfdir='${prefix}/etc'
target_alias=''

## ----------- ##
## confdefs.h. ##
## ----------- ##

/* confdefs.h */
#define PACKAGE_NAME "LAL"
#define PACKAGE_TARNAME "lal"
#define PACKAGE_VERSION "6.18.0"
#define PACKAGE_STRING "LAL 6.18.0"
#define PACKAGE_BUGREPORT "lal-discuss@ligo.org"
#define PACKAGE_URL ""
#define PACKAGE "lal"
#define VERSION "6.18.0"
#define LAL_DEFAULT_DEBUG_LEVEL 1
#define HAVE_PTHREAD_PRIO_INHERIT 1
#define LAL_PTHREAD_LOCK 1
#define LAL_VERSION "6.18.0"
#define LAL_VERSION_MAJOR 6
#define LAL_VERSION_MINOR 18
#define LAL_VERSION_MICRO 0
#define LAL_VERSION_DEVEL 0
#define STDC_HEADERS 1
#define HAVE_SYS_TYPES_H 1
#define HAVE_SYS_STAT_H 1
#define HAVE_STDLIB_H 1
#define HAVE_STRING_H 1
#define HAVE_MEMORY_H 1
#define HAVE_STRINGS_H 1
#define HAVE_INTTYPES_H 1
#define HAVE_STDINT_H 1
#define HAVE_UNISTD_H 1
#define HAVE_SSE_COMPILER 1
#define HAVE_SSE2_COMPILER 1
#define HAVE_SSE3_COMPILER 1
#define HAVE_SSSE3_COMPILER 1
#define HAVE_SSE4_1_COMPILER 1
#define HAVE_SSE4_2_COMPILER 1
#define HAVE_AVX_COMPILER 1
#define HAVE_AVX2_COMPILER 1
#define HAVE_SIMD_COMPILER "SSE SSE2 SSE3 SSSE3 SSE4.1 SSE4.2 AVX AVX2"
#define HAVE_DLFCN_H 1
#define LT_OBJDIR ".libs/"
#define HAVE_LIBM 1
#define STDC_HEADERS 1
#define HAVE_SYS_TIME_H 1
#define HAVE_SYS_RESOURCE_H 1
#define HAVE_UNISTD_H 1
#define HAVE_REGEX_H 1
#define HAVE_GLOB_H 1
#define HAVE_EXECINFO_H 1
#define HAVE_STDINT_H 1
#define HAVE_INTTYPES_H 1
#define HAVE_CPUID_H 1
#define HAVE_GETHOSTNAME_PROTOTYPE 1
#define HAVE_PTHREAD_H 1

configure: exit 1
